
> analytics-service@1.0.0 start:dev
> nest start --watch

[2J[3J[H[[90m3:07:22 AM[0m] Starting compilation in watch mode...

[96msrc/analytics.module.ts[0m:[93m3[0m:[93m27[0m - [91merror[0m[90m TS2307: [0mCannot find module '@nestjs/jwt' or its corresponding type declarations.

[7m3[0m import { JwtModule } from '@nestjs/jwt';
[7m [0m [91m                          ~~~~~~~~~~~~~[0m

[96msrc/guards/jwt-auth.guard.ts[0m:[93m2[0m:[93m28[0m - [91merror[0m[90m TS2307: [0mCannot find module '@nestjs/jwt' or its corresponding type declarations.

[7m2[0m import { JwtService } from '@nestjs/jwt';
[7m [0m [91m                           ~~~~~~~~~~~~~[0m

[96msrc/services/analytics.service.ts[0m:[93m4[0m:[93m24[0m - [91merror[0m[90m TS2307: [0mCannot find module './entities/metric.entity' or its corresponding type declarations.

[7m4[0m import { Metric } from './entities/metric.entity';
[7m [0m [91m                       ~~~~~~~~~~~~~~~~~~~~~~~~~~[0m

[96msrc/services/analytics.service.ts[0m:[93m5[0m:[93m32[0m - [91merror[0m[90m TS2307: [0mCannot find module './entities/analytics-event.entity' or its corresponding type declarations.

[7m5[0m import { AnalyticsEvent } from './entities/analytics-event.entity';
[7m [0m [91m                               ~~~~~~~~~~~~~~~~~~~~~~~~~~~~~~~~~~~[0m

[96msrc/services/analytics.service.ts[0m:[93m6[0m:[93m36[0m - [91merror[0m[90m TS2307: [0mCannot find module './entities/analytics-dashboard.entity' or its corresponding type declarations.

[7m6[0m import { AnalyticsDashboard } from './entities/analytics-dashboard.entity';
[7m [0m [91m                                   ~~~~~~~~~~~~~~~~~~~~~~~~~~~~~~~~~~~~~~~[0m

[[90m3:07:34 AM[0m] Found 5 errors. Watching for file changes.

