
> appointment-service@1.0.0 start:dev
> nest start --watch

[2J[3J[H[[90m3:07:19 AM[0m] Starting compilation in watch mode...

[96msrc/appointment.module.ts[0m:[93m8[0m:[93m27[0m - [91merror[0m[90m TS2307: [0mCannot find module '@nestjs/jwt' or its corresponding type declarations.

[7m8[0m import { JwtModule } from '@nestjs/jwt';
[7m [0m [91m                          ~~~~~~~~~~~~~[0m

[96msrc/appointment.module.ts[0m:[93m62[0m:[93m7[0m - [91merror[0m[90m TS2322: [0mType 'typeof import("/Users/mohamedelshall/Library/Mobile Documents/com~apple~CloudDocs/Documents/Me/Personal/Work/Kiorex/SourceCode/Backend/kiorex-backend/services/appointment-service/node_modules/cache-manager-redis-store/dist/index")' is not assignable to type '(string | CacheStoreFactory | CacheStore) & typeof import("/Users/mohamedelshall/Library/Mobile Documents/com~apple~CloudDocs/Documents/Me/Personal/Work/Kiorex/SourceCode/Backend/kiorex-backend/services/appointment-service/node_modules/cache-manager-redis-store/dist/index")'.
  Type 'typeof import("/Users/mohamedelshall/Library/Mobile Documents/com~apple~CloudDocs/Documents/Me/Personal/Work/Kiorex/SourceCode/Backend/kiorex-backend/services/appointment-service/node_modules/cache-manager-redis-store/dist/index")' is not assignable to type 'CacheStore & typeof import("/Users/mohamedelshall/Library/Mobile Documents/com~apple~CloudDocs/Documents/Me/Personal/Work/Kiorex/SourceCode/Backend/kiorex-backend/services/appointment-service/node_modules/cache-manager-redis-store/dist/index")'.
    Type 'typeof import("/Users/mohamedelshall/Library/Mobile Documents/com~apple~CloudDocs/Documents/Me/Personal/Work/Kiorex/SourceCode/Backend/kiorex-backend/services/appointment-service/node_modules/cache-manager-redis-store/dist/index")' is missing the following properties from type 'CacheStore': set, get

[7m62[0m       store: redisStore,
[7m  [0m [91m      ~~~~~[0m

  [96mnode_modules/@nestjs/cache-manager/dist/interfaces/cache-manager.interface.d.ts[0m:[93m63[0m:[93m5[0m
    [7m63[0m     store?: string | CacheStoreFactory | CacheStore;
    [7m  [0m [96m    ~~~~~[0m
    The expected type comes from property 'store' which is declared here on type 'CacheModuleOptions<{ store: typeof import("/Users/mohamedelshall/Library/Mobile Documents/com~apple~CloudDocs/Documents/Me/Personal/Work/Kiorex/SourceCode/Backend/kiorex-backend/services/appointment-service/node_modules/cache-manager-redis-store/dist/index"); host: string; port: number; ttl: number; }>'

[96msrc/controllers/calendar.controller.ts[0m:[93m23[0m:[93m6[0m - [91merror[0m[90m TS2304: [0mCannot find name 'Param'.

[7m23[0m     @Param('providerId', ParseUUIDPipe) providerId: string,
[7m  [0m [91m     ~~~~~[0m

[96msrc/controllers/calendar.controller.ts[0m:[93m45[0m:[93m6[0m - [91merror[0m[90m TS2304: [0mCannot find name 'Param'.

[7m45[0m     @Param('providerId', ParseUUIDPipe) providerId: string,
[7m  [0m [91m     ~~~~~[0m

[96msrc/controllers/calendar.controller.ts[0m:[93m62[0m:[93m6[0m - [91merror[0m[90m TS2304: [0mCannot find name 'Param'.

[7m62[0m     @Param('providerId', ParseUUIDPipe) providerId: string,
[7m  [0m [91m     ~~~~~[0m

[96msrc/controllers/calendar.controller.ts[0m:[93m73[0m:[93m6[0m - [91merror[0m[90m TS2304: [0mCannot find name 'Param'.

[7m73[0m     @Param('providerId', ParseUUIDPipe) providerId: string,
[7m  [0m [91m     ~~~~~[0m

[96msrc/controllers/waitlist.controller.ts[0m:[93m41[0m:[93m81[0m - [91merror[0m[90m TS2345: [0mArgument of type 'string' is not assignable to parameter of type 'WaitlistStatus'.

[7m41[0m     return await this.waitlistService.getWaitlistEntries(providerId, patientId, status);
[7m  [0m [91m                                                                                ~~~~~~[0m

[96msrc/guards/jwt-auth.guard.ts[0m:[93m2[0m:[93m28[0m - [91merror[0m[90m TS2307: [0mCannot find module '@nestjs/jwt' or its corresponding type declarations.

[7m2[0m import { JwtService } from '@nestjs/jwt';
[7m [0m [91m                           ~~~~~~~~~~~~~[0m

[96msrc/services/appointment.service.ts[0m:[93m767[0m:[93m47[0m - [91merror[0m[90m TS2345: [0mArgument of type '{ appointmentId: string; }' is not assignable to parameter of type 'number'.

[7m767[0m     await this.reminderQueue.clean(0, 'wait', { appointmentId: appointment.previousAppointmentId });
[7m   [0m [91m                                              ~~~~~~~~~~~~~~~~~~~~~~~~~~~~~~~~~~~~~~~~~~~~~~~~~~~~[0m

[96msrc/services/calendar.service.ts[0m:[93m116[0m:[93m20[0m - [91merror[0m[90m TS2349: [0mThis expression is not callable.
  Type 'typeof moment' has no call signatures.

[7m116[0m       const date = moment(slot.startTime).format('YYYY-MM-DD');
[7m   [0m [91m                   ~~~~~~[0m

  [96msrc/services/calendar.service.ts[0m:[93m6[0m:[93m1[0m
    [7m6[0m import * as moment from 'moment';
    [7m [0m [96m~~~~~~~~~~~~~~~~~~~~~~~~~~~~~~~~~[0m
    Type originates at this import. A namespace-style import cannot be called or constructed, and will cause a failure at runtime. Consider using a default import or import require here instead.

[96msrc/services/calendar.service.ts[0m:[93m133[0m:[93m22[0m - [91merror[0m[90m TS2339: [0mProperty 'sort' does not exist on type 'unknown'.

[7m133[0m         slots: slots.sort((a, b) => a.startTime.getTime() - b.startTime.getTime()),
[7m   [0m [91m                     ~~~~[0m

[96msrc/services/calendar.service.ts[0m:[93m147[0m:[93m9[0m - [91merror[0m[90m TS2322: [0mType 'FindOperator<"scheduled" | "in_progress">' is not assignable to type 'AppointmentStatus | FindOperator<AppointmentStatus>'.
  Type 'FindOperator<"scheduled" | "in_progress">' is not assignable to type 'FindOperator<AppointmentStatus>'.
    Type '"scheduled" | "in_progress"' is not assignable to type 'AppointmentStatus'.
      Type '"scheduled"' is not assignable to type 'AppointmentStatus'. Did you mean 'AppointmentStatus.RESCHEDULED'?

[7m147[0m         status: Between('scheduled', 'in_progress'),
[7m   [0m [91m        ~~~~~~[0m

[96msrc/services/calendar.service.ts[0m:[93m183[0m:[93m23[0m - [91merror[0m[90m TS2349: [0mThis expression is not callable.
  Type 'typeof moment' has no call signatures.

[7m183[0m     const startDate = moment([year, month - 1, 1]).startOf('month').toDate();
[7m   [0m [91m                      ~~~~~~[0m

  [96msrc/services/calendar.service.ts[0m:[93m6[0m:[93m1[0m
    [7m6[0m import * as moment from 'moment';
    [7m [0m [96m~~~~~~~~~~~~~~~~~~~~~~~~~~~~~~~~~[0m
    Type originates at this import. A namespace-style import cannot be called or constructed, and will cause a failure at runtime. Consider using a default import or import require here instead.

[96msrc/services/calendar.service.ts[0m:[93m184[0m:[93m21[0m - [91merror[0m[90m TS2349: [0mThis expression is not callable.
  Type 'typeof moment' has no call signatures.

[7m184[0m     const endDate = moment([year, month - 1, 1]).endOf('month').toDate();
[7m   [0m [91m                    ~~~~~~[0m

  [96msrc/services/calendar.service.ts[0m:[93m6[0m:[93m1[0m
    [7m6[0m import * as moment from 'moment';
    [7m [0m [96m~~~~~~~~~~~~~~~~~~~~~~~~~~~~~~~~~[0m
    Type originates at this import. A namespace-style import cannot be called or constructed, and will cause a failure at runtime. Consider using a default import or import require here instead.

[96msrc/services/calendar.service.ts[0m:[93m213[0m:[93m25[0m - [91merror[0m[90m TS2349: [0mThis expression is not callable.
  Type 'typeof moment' has no call signatures.

[7m213[0m     const daysInMonth = moment([year, month - 1]).daysInMonth();
[7m   [0m [91m                        ~~~~~~[0m

  [96msrc/services/calendar.service.ts[0m:[93m6[0m:[93m1[0m
    [7m6[0m import * as moment from 'moment';
    [7m [0m [96m~~~~~~~~~~~~~~~~~~~~~~~~~~~~~~~~~[0m
    Type originates at this import. A namespace-style import cannot be called or constructed, and will cause a failure at runtime. Consider using a default import or import require here instead.

[96msrc/services/calendar.service.ts[0m:[93m217[0m:[93m20[0m - [91merror[0m[90m TS2349: [0mThis expression is not callable.
  Type 'typeof moment' has no call signatures.

[7m217[0m       const date = moment([year, month - 1, day]);
[7m   [0m [91m                   ~~~~~~[0m

  [96msrc/services/calendar.service.ts[0m:[93m6[0m:[93m1[0m
    [7m6[0m import * as moment from 'moment';
    [7m [0m [96m~~~~~~~~~~~~~~~~~~~~~~~~~~~~~~~~~[0m
    Type originates at this import. A namespace-style import cannot be called or constructed, and will cause a failure at runtime. Consider using a default import or import require here instead.

[96msrc/services/calendar.service.ts[0m:[93m219[0m:[93m9[0m - [91merror[0m[90m TS2349: [0mThis expression is not callable.
  Type 'typeof moment' has no call signatures.

[7m219[0m         moment(apt.startTime).isSame(date, 'day')
[7m   [0m [91m        ~~~~~~[0m

  [96msrc/services/calendar.service.ts[0m:[93m6[0m:[93m1[0m
    [7m6[0m import * as moment from 'moment';
    [7m [0m [96m~~~~~~~~~~~~~~~~~~~~~~~~~~~~~~~~~[0m
    Type originates at this import. A namespace-style import cannot be called or constructed, and will cause a failure at runtime. Consider using a default import or import require here instead.

[96msrc/services/slot.service.ts[0m:[93m43[0m:[93m21[0m - [91merror[0m[90m TS2349: [0mThis expression is not callable.
  Type 'typeof moment' has no call signatures.

[7m43[0m     const current = moment(startDate);
[7m  [0m [91m                    ~~~~~~[0m

  [96msrc/services/slot.service.ts[0m:[93m6[0m:[93m1[0m
    [7m6[0m import * as moment from 'moment';
    [7m [0m [96m~~~~~~~~~~~~~~~~~~~~~~~~~~~~~~~~~[0m
    Type originates at this import. A namespace-style import cannot be called or constructed, and will cause a failure at runtime. Consider using a default import or import require here instead.

[96msrc/services/slot.service.ts[0m:[93m44[0m:[93m17[0m - [91merror[0m[90m TS2349: [0mThis expression is not callable.
  Type 'typeof moment' has no call signatures.

[7m44[0m     const end = moment(endDate);
[7m  [0m [91m                ~~~~~~[0m

  [96msrc/services/slot.service.ts[0m:[93m6[0m:[93m1[0m
    [7m6[0m import * as moment from 'moment';
    [7m [0m [96m~~~~~~~~~~~~~~~~~~~~~~~~~~~~~~~~~[0m
    Type originates at this import. A namespace-style import cannot be called or constructed, and will cause a failure at runtime. Consider using a default import or import require here instead.

[96msrc/services/slot.service.ts[0m:[93m80[0m:[93m31[0m - [91merror[0m[90m TS2349: [0mThis expression is not callable.
  Type 'typeof moment' has no call signatures.

[7m80[0m           `Slot conflict on ${moment(slot.startTime).format('YYYY-MM-DD HH:mm')}`,
[7m  [0m [91m                              ~~~~~~[0m

  [96msrc/services/slot.service.ts[0m:[93m6[0m:[93m1[0m
    [7m6[0m import * as moment from 'moment';
    [7m [0m [96m~~~~~~~~~~~~~~~~~~~~~~~~~~~~~~~~~[0m
    Type originates at this import. A namespace-style import cannot be called or constructed, and will cause a failure at runtime. Consider using a default import or import require here instead.

[96msrc/services/slot.service.ts[0m:[93m149[0m:[93m24[0m - [91merror[0m[90m TS2349: [0mThis expression is not callable.
  Type 'typeof moment' has no call signatures.

[7m149[0m     const startOfDay = moment(date).startOf('day').toDate();
[7m   [0m [91m                       ~~~~~~[0m

  [96msrc/services/slot.service.ts[0m:[93m6[0m:[93m1[0m
    [7m6[0m import * as moment from 'moment';
    [7m [0m [96m~~~~~~~~~~~~~~~~~~~~~~~~~~~~~~~~~[0m
    Type originates at this import. A namespace-style import cannot be called or constructed, and will cause a failure at runtime. Consider using a default import or import require here instead.

[96msrc/services/slot.service.ts[0m:[93m150[0m:[93m22[0m - [91merror[0m[90m TS2349: [0mThis expression is not callable.
  Type 'typeof moment' has no call signatures.

[7m150[0m     const endOfDay = moment(date).endOf('day').toDate();
[7m   [0m [91m                     ~~~~~~[0m

  [96msrc/services/slot.service.ts[0m:[93m6[0m:[93m1[0m
    [7m6[0m import * as moment from 'moment';
    [7m [0m [96m~~~~~~~~~~~~~~~~~~~~~~~~~~~~~~~~~[0m
    Type originates at this import. A namespace-style import cannot be called or constructed, and will cause a failure at runtime. Consider using a default import or import require here instead.

[96msrc/services/slot.service.ts[0m:[93m188[0m:[93m17[0m - [91merror[0m[90m TS2349: [0mThis expression is not callable.
  Type 'typeof moment' has no call signatures.

[7m188[0m     const day = moment(date);
[7m   [0m [91m                ~~~~~~[0m

  [96msrc/services/slot.service.ts[0m:[93m6[0m:[93m1[0m
    [7m6[0m import * as moment from 'moment';
    [7m [0m [96m~~~~~~~~~~~~~~~~~~~~~~~~~~~~~~~~~[0m
    Type originates at this import. A namespace-style import cannot be called or constructed, and will cause a failure at runtime. Consider using a default import or import require here instead.

[[90m3:07:37 AM[0m] Found 23 errors. Watching for file changes.

